<?xml version="1.0" encoding="UTF-8"?>
<!-- Generated by org.testng.reporters.JUnitReportReporter -->
<testsuite hostname="DESKTOP-PRI1S77" failures="0" tests="1" name="testcases.formfiling" time="15.622" errors="0" timestamp="2022-02-01T20:57:59 IST" skipped="0">
  <testcase classname="testcases.formfiling" name="form" time="15.622"/>
  <system-out/>
</testsuite> <!-- testcases.formfiling -->
